  [1m[35m (0.1ms)[0m  [1m[34mSELECT sqlite_version(*)[0m
  [1m[35m (15.6ms)[0m  [1m[35mCREATE TABLE "schema_migrations" ("version" varchar NOT NULL PRIMARY KEY)[0m
  [1m[35m (2.2ms)[0m  [1m[35mCREATE TABLE "ar_internal_metadata" ("key" varchar NOT NULL PRIMARY KEY, "value" varchar, "created_at" datetime NOT NULL, "updated_at" datetime NOT NULL)[0m
  [1m[36mActiveRecord::InternalMetadata Load (0.2ms)[0m  [1m[34mSELECT  "ar_internal_metadata".* FROM "ar_internal_metadata" WHERE "ar_internal_metadata"."key" = ? LIMIT ?[0m  [["key", "environment"], ["LIMIT", 1]]
  [1m[35m (0.0ms)[0m  [1m[36mbegin transaction[0m
  [1m[35mSQL (0.1ms)[0m  [1m[32mINSERT INTO "ar_internal_metadata" ("key", "value", "created_at", "updated_at") VALUES (?, ?, ?, ?)[0m  [["key", "environment"], ["value", "development"], ["created_at", "2018-01-02 05:07:38.522884"], ["updated_at", "2018-01-02 05:07:38.522884"]]
  [1m[35m (2.2ms)[0m  [1m[36mcommit transaction[0m
  [1m[35m (0.1ms)[0m  [1m[34mSELECT "schema_migrations"."version" FROM "schema_migrations" ORDER BY "schema_migrations"."version" ASC[0m
Started GET "/" for 10.0.2.2 at 2018-01-02 00:10:54 -0500
Processing by Rails::WelcomeController#index as HTML
  Rendering /home/dev/.rvm/gems/ruby-2.4.3/gems/railties-5.1.4/lib/rails/templates/rails/welcome/index.html.erb
  Rendered /home/dev/.rvm/gems/ruby-2.4.3/gems/railties-5.1.4/lib/rails/templates/rails/welcome/index.html.erb (1.3ms)
Completed 200 OK in 68ms (Views: 3.1ms)


Started GET "/" for 10.0.2.2 at 2018-01-02 00:38:57 -0500
Processing by Rails::WelcomeController#index as HTML
  Rendering /home/dev/.rvm/gems/ruby-2.4.3/gems/railties-5.1.4/lib/rails/templates/rails/welcome/index.html.erb
  Rendered /home/dev/.rvm/gems/ruby-2.4.3/gems/railties-5.1.4/lib/rails/templates/rails/welcome/index.html.erb (1.5ms)
Completed 200 OK in 66ms (Views: 3.7ms)


Started GET "/" for 10.0.2.2 at 2018-01-02 00:39:42 -0500
Processing by PagesController#index as HTML
  Rendering pages/index.html.erb within layouts/application
  Rendered pages/index.html.erb within layouts/application (0.3ms)
Completed 500 Internal Server Error in 86ms


  
ActionView::Template::Error (The asset "application.css" is not present in the asset pipeline.):
    4:     <title>Dummy</title>
    5:     <%= csrf_meta_tags %>
    6: 
    7:     <%= stylesheet_link_tag    'application', media: 'all' %>
    8:     <%= javascript_include_tag 'application' %>
    9:   </head>
   10: 
  
app/views/layouts/application.html.erb:7:in `_app_views_layouts_application_html_erb__2613411860125645788_70222044755000'
Started GET "/" for 10.0.2.2 at 2018-01-02 00:41:12 -0500
Processing by PagesController#index as HTML
  Rendering pages/index.html.erb within layouts/application
  Rendered pages/index.html.erb within layouts/application (0.5ms)
Completed 500 Internal Server Error in 144ms


  
LoadError (cannot load such file -- sass):
  
app/views/layouts/application.html.erb:7:in `_app_views_layouts_application_html_erb___854918177838403147_28806060'
Started GET "/" for 10.0.2.2 at 2018-01-02 00:43:55 -0500
Processing by PagesController#index as HTML
  Rendering pages/index.html.erb within layouts/application
  Rendered pages/index.html.erb within layouts/application (0.4ms)
Completed 500 Internal Server Error in 148ms


  
LoadError (cannot load such file -- sass):
  
app/views/layouts/application.html.erb:7:in `_app_views_layouts_application_html_erb__2382153787509492934_69976159891380'
Started GET "/" for 10.0.2.2 at 2018-01-02 00:44:53 -0500
Processing by PagesController#index as HTML
  Rendering pages/index.html.erb within layouts/application
  Rendered pages/index.html.erb within layouts/application (0.4ms)
Completed 500 Internal Server Error in 144ms


  
LoadError (cannot load such file -- sass):
  
app/views/layouts/application.html.erb:7:in `_app_views_layouts_application_html_erb___1976831417581187381_35283100'
Started GET "/" for 10.0.2.2 at 2018-01-02 00:45:58 -0500
Processing by PagesController#index as HTML
  Rendering pages/index.html.erb within layouts/application
  Rendered pages/index.html.erb within layouts/application (0.6ms)
Completed 500 Internal Server Error in 151ms


  
ActionView::Template::Error (require_tree argument must be a directory):
    4:     <title>Dummy</title>
    5:     <%= csrf_meta_tags %>
    6: 
    7:     <%= stylesheet_link_tag    'application', media: 'all' %>
    8:     <%= javascript_include_tag 'application' %>
    9:   </head>
   10: 
  
app/assets/javascripts/cable.js:6
app/views/layouts/application.html.erb:7:in `_app_views_layouts_application_html_erb___3007593612331108514_70195371444320'
Started GET "/" for 10.0.2.2 at 2018-01-02 00:48:39 -0500
Processing by PagesController#index as HTML
  Rendering pages/index.html.erb within layouts/application
  Rendered pages/index.html.erb within layouts/application (0.4ms)
Completed 500 Internal Server Error in 138ms


  
ActionView::Template::Error (require_tree argument must be a directory):
    4:     <title>Dummy</title>
    5:     <%= csrf_meta_tags %>
    6: 
    7:     <%= stylesheet_link_tag    'application', media: 'all' %>
    8:     <%= javascript_include_tag 'application' %>
    9:   </head>
   10: 
  
app/assets/javascripts/cable.js:6
app/views/layouts/application.html.erb:7:in `_app_views_layouts_application_html_erb___1395298021079101256_70317543321940'
Started GET "/" for 10.0.2.2 at 2018-01-02 00:49:05 -0500
Processing by PagesController#index as HTML
  Rendering pages/index.html.erb within layouts/application
  Rendered pages/index.html.erb within layouts/application (0.3ms)
Completed 200 OK in 143ms (Views: 108.9ms)


Started GET "/" for 10.0.2.2 at 2018-01-02 00:49:21 -0500
Processing by PagesController#index as HTML
  Rendering pages/index.html.erb within layouts/application
  Rendered pages/index.html.erb within layouts/application (0.3ms)
Completed 200 OK in 7ms (Views: 6.0ms)


